Python path:  /home/zhengxin.guo/project/venvs/anomaly-DPS/bin/python
Python version:  Python 3.12.3
=== Task Started === 
Script path: scripts/anomaly_detection/StreamDaD/SMD.sh
GPU available: NVIDIA GeForce RTX 2070 SUPER
Total GPUs: 1
Primary GPU: cuda:0
Args in experiment:
[1mBasic Config[0m
  Task Name:          anomaly_detection   Is Training:        1                   
  Model ID:           SMD                 Model:              StreamDaD           

[1mData Loader[0m
  Data:               SMD                 Root Path:          ./dataset/SMD       
  Data Path:          SMD_test.npy        Features:           M                   
  Target:             OT                  Freq:               h                   
  Checkpoints:        ./checkpoints/      

[1mAnomaly Detection Task[0m
  Anomaly Ratio:      0.5                 

[1mModel Parameters[0m
  Top k:              5                   Num Kernels:        6                   
  Enc In:             38                  Dec In:             7                   
  C Out:              38                  d model:            16                  
  n heads:            8                   e layers:           2                   
  d layers:           1                   d FF:               16                  
  Moving Avg:         25                  Factor:             1                   
  Distil:             1                   Dropout:            0.1                 
  Embed:              timeF               Activation:         gelu                

[1mRun Parameters[0m
  Num Workers:        10                  Itr:                1                   
  Train Epochs:       50                  Batch Size:         128                 
  Patience:           3                   Learning Rate:      0.0001              
  Des:                test                Loss:               MSE                 
  Lradj:              type1               Use Amp:            0                   

[1mGPU[0m
  GPU:                0                   
  Use Multi GPU:      0                   Devices:            0,1,2,3             

[1mDe-stationary Projector Params[0m
  P Hidden Dims:      128, 128            P Hidden Layers:    2                   

Use GPU: cuda:0
>>>>>>> start training : anomaly_detection_SMD_StreamDaD_SMD_ftM_sl100_ll48_pl0_dm16_nh8_el2_dl1_df16_expand2_dc4_fc1_ebtimeF_dtTrue_test_0 >>>>>>>>>>>>>>>>>>
train 7084
val 1416
test 7084
Epoch: 1 cost time: 2.2761170864105225
Epoch: 1, Steps: 56 | Train Loss: 0.3223950 Vali Loss: 0.1801768 Test Loss: 1.0470608
Validation loss decreased (inf --> 0.180177).  Saving model ...
Updating learning rate to 0.0001
Epoch: 2 cost time: 1.2675302028656006
Epoch: 2, Steps: 56 | Train Loss: 0.3066871 Vali Loss: 0.1733279 Test Loss: 1.0262663
Validation loss decreased (0.180177 --> 0.173328).  Saving model ...
Updating learning rate to 5e-05
Epoch: 3 cost time: 1.2403371334075928
Epoch: 3, Steps: 56 | Train Loss: 0.3026964 Vali Loss: 0.1693112 Test Loss: 1.0118297
Validation loss decreased (0.173328 --> 0.169311).  Saving model ...
Updating learning rate to 2.5e-05
Epoch: 4 cost time: 1.2474215030670166
Epoch: 4, Steps: 56 | Train Loss: 0.2937490 Vali Loss: 0.1599793 Test Loss: 1.0059443
Validation loss decreased (0.169311 --> 0.159979).  Saving model ...
Updating learning rate to 1.25e-05
Epoch: 5 cost time: 1.2608287334442139
Epoch: 5, Steps: 56 | Train Loss: 0.2918087 Vali Loss: 0.1577490 Test Loss: 1.0033277
Validation loss decreased (0.159979 --> 0.157749).  Saving model ...
Updating learning rate to 6.25e-06
Epoch: 6 cost time: 1.250002145767212
Epoch: 6, Steps: 56 | Train Loss: 0.2908190 Vali Loss: 0.1590667 Test Loss: 1.0019108
EarlyStopping counter: 1 out of 3
Updating learning rate to 3.125e-06
Epoch: 7 cost time: 1.2781164646148682
Epoch: 7, Steps: 56 | Train Loss: 0.2938348 Vali Loss: 0.1592375 Test Loss: 1.0011948
EarlyStopping counter: 2 out of 3
Updating learning rate to 1.5625e-06
Epoch: 8 cost time: 1.2305231094360352
Epoch: 8, Steps: 56 | Train Loss: 0.2899912 Vali Loss: 0.1541502 Test Loss: 1.0008522
Validation loss decreased (0.157749 --> 0.154150).  Saving model ...
Updating learning rate to 7.8125e-07
Epoch: 9 cost time: 1.2817296981811523
Epoch: 9, Steps: 56 | Train Loss: 0.2954891 Vali Loss: 0.1671607 Test Loss: 1.0006794
EarlyStopping counter: 1 out of 3
Updating learning rate to 3.90625e-07
Epoch: 10 cost time: 1.2458548545837402
Epoch: 10, Steps: 56 | Train Loss: 0.2900544 Vali Loss: 0.1577221 Test Loss: 1.0005894
EarlyStopping counter: 2 out of 3
Updating learning rate to 1.953125e-07
Epoch: 11 cost time: 1.2544879913330078
Epoch: 11, Steps: 56 | Train Loss: 0.2888192 Vali Loss: 0.1520566 Test Loss: 1.0005499
Validation loss decreased (0.154150 --> 0.152057).  Saving model ...
Updating learning rate to 9.765625e-08
Epoch: 12 cost time: 1.2926924228668213
Epoch: 12, Steps: 56 | Train Loss: 0.2901583 Vali Loss: 0.1592666 Test Loss: 1.0005268
EarlyStopping counter: 1 out of 3
Updating learning rate to 4.8828125e-08
Epoch: 13 cost time: 1.2589714527130127
Epoch: 13, Steps: 56 | Train Loss: 0.2886951 Vali Loss: 0.1637665 Test Loss: 1.0005162
EarlyStopping counter: 2 out of 3
Updating learning rate to 2.44140625e-08
Epoch: 14 cost time: 1.2472875118255615
Epoch: 14, Steps: 56 | Train Loss: 0.2895342 Vali Loss: 0.1604592 Test Loss: 1.0005101
EarlyStopping counter: 3 out of 3
Early stopping
>>>>>>> testing : anomaly_detection_SMD_StreamDaD_SMD_ftM_sl100_ll48_pl0_dm16_nh8_el2_dl1_df16_expand2_dc4_fc1_ebtimeF_dtTrue_test_0 <<<<<<<<<<<<<<<<<<<<<<<<<
test 7084
train 7084
Threshold : 5.241921
pred:    (708400,)
gt:      (708400,)
pred:  (708400,)
gt:    (708400,)
Accuracy : 0.9864, Precision : 0.8741, Recall : 0.7850, F-score : 0.8272 

real	0m58.814s
user	1m0.183s
sys	1m22.511s
=== Task Ended === 
Exit status: 0
Total time: 59 seconds
