Pythonè·¯å¾„:  /home/zhengxin.guo/project/venvs/anomaly-DPS/bin/python
Pythonç‰ˆæœ¬:  Python 3.12.3
=== ä»»åŠ¡å¼€å§‹ ===
è„šæœ¬è·¯å¾„: scripts/anomaly_detection/SMD/TranAD.sh
GPU available: NVIDIA GeForce RTX 2070 SUPER
Total GPUs: 1
Primary GPU: cuda:0
Args in experiment:
[1mBasic Config[0m
  Task Name:          anomaly_detection   Is Training:        1                   
  Model ID:           SMD                 Model:              TranAD              

[1mData Loader[0m
  Data:               SMD                 Root Path:          ./dataset/SMD       
  Data Path:          SMD_test.npy        Features:           M                   
  Target:             OT                  Freq:               h                   
  Checkpoints:        ./checkpoints/      

[1mAnomaly Detection Task[0m
  Anomaly Ratio:      0.5                 

[1mModel Parameters[0m
  Top k:              5                   Num Kernels:        6                   
  Enc In:             38                  Dec In:             7                   
  C Out:              38                  d model:            16                  
  n heads:            8                   e layers:           2                   
  d layers:           1                   d FF:               16                  
  Moving Avg:         25                  Factor:             1                   
  Distil:             1                   Dropout:            0.1                 
  Embed:              timeF               Activation:         gelu                

[1mRun Parameters[0m
  Num Workers:        10                  Itr:                1                   
  Train Epochs:       50                  Batch Size:         128                 
  Patience:           3                   Learning Rate:      0.0001              
  Des:                test                Loss:               MSE                 
  Lradj:              type1               Use Amp:            0                   

[1mGPU[0m
  GPU:                0                   
  Use Multi GPU:      0                   Devices:            0,1,2,3             

[1mDe-stationary Projector Params[0m
  P Hidden Dims:      128, 128            P Hidden Layers:    2                   

Use GPU: cuda:0
>>>>>>> start training : anomaly_detection_SMD_TranAD_SMD_ftM_sl100_ll48_pl0_dm16_nh8_el2_dl1_df16_expand2_dc4_fc1_ebtimeF_dtTrue_test_0 >>>>>>>>>>>>>>>>>>
train 7084
val 1416
test 7084
Epoch: 1 cost time: 3.575197219848633
Epoch: 1, Steps: 56 | Train Loss: 0.2686773 Vali Loss: 0.1426172 Test Loss: 1.0191419
Validation loss decreased (inf --> 0.142617).  Saving model ...
Updating learning rate to 0.0001
Epoch: 2 cost time: 2.914353609085083
Epoch: 2, Steps: 56 | Train Loss: 0.2696076 Vali Loss: 0.1359729 Test Loss: 0.9843017
Validation loss decreased (0.142617 --> 0.135973).  Saving model ...
Updating learning rate to 5e-05
Epoch: 3 cost time: 2.8666274547576904
Epoch: 3, Steps: 56 | Train Loss: 0.2562515 Vali Loss: 0.1367933 Test Loss: 0.9681886
EarlyStopping counter: 1 out of 3
Updating learning rate to 2.5e-05
Epoch: 4 cost time: 2.894268035888672
Epoch: 4, Steps: 56 | Train Loss: 0.2587207 Vali Loss: 0.1289436 Test Loss: 0.9618146
Validation loss decreased (0.135973 --> 0.128944).  Saving model ...
Updating learning rate to 1.25e-05
Epoch: 5 cost time: 2.908013105392456
Epoch: 5, Steps: 56 | Train Loss: 0.2534937 Vali Loss: 0.1358450 Test Loss: 0.9594225
EarlyStopping counter: 1 out of 3
Updating learning rate to 6.25e-06
Epoch: 6 cost time: 2.8991806507110596
Epoch: 6, Steps: 56 | Train Loss: 0.2527293 Vali Loss: 0.1319678 Test Loss: 0.9576419
EarlyStopping counter: 2 out of 3
Updating learning rate to 3.125e-06
Epoch: 7 cost time: 2.8765735626220703
Epoch: 7, Steps: 56 | Train Loss: 0.2526037 Vali Loss: 0.1367567 Test Loss: 0.9568763
EarlyStopping counter: 3 out of 3
Early stopping
>>>>>>> testing : anomaly_detection_SMD_TranAD_SMD_ftM_sl100_ll48_pl0_dm16_nh8_el2_dl1_df16_expand2_dc4_fc1_ebtimeF_dtTrue_test_0 <<<<<<<<<<<<<<<<<<<<<<<<<
test 7084
train 7084
Threshold : 4.79188
pred:    (708400,)
gt:      (708400,)
pred:  (708400,)
gt:    (708400,)
Accuracy : 0.9865, Precision : 0.8690, Recall : 0.7961, F-score : 0.8310 

real	0m54.196s
user	0m43.348s
sys	0m44.570s
=== ä»»åŠ¡ç»“æŸ ===
é€€å‡ºçŠ¶æ€: 0
æ€»è€—æ—¶: 54 ç§’
