Pythonè·¯å¾„:  /home/zhengxin.guo/project/venvs/anomaly-DPS/bin/python
Pythonç‰ˆæœ¬:  Python 3.12.3
=== ä»»åŠ¡å¼€å§‹ ===
è„šæœ¬è·¯å¾„: scripts/anomaly_detection/SMD/Autoformer.sh
GPU available: NVIDIA GeForce RTX 2070 SUPER
Total GPUs: 1
Primary GPU: cuda:0
Args in experiment:
[1mBasic Config[0m
  Task Name:          anomaly_detection   Is Training:        1                   
  Model ID:           SMD                 Model:              Autoformer          

[1mData Loader[0m
  Data:               SMD                 Root Path:          ./dataset/SMD       
  Data Path:          SMD_test.npy        Features:           M                   
  Target:             OT                  Freq:               h                   
  Checkpoints:        ./checkpoints/      

[1mAnomaly Detection Task[0m
  Anomaly Ratio:      0.5                 

[1mModel Parameters[0m
  Top k:              5                   Num Kernels:        6                   
  Enc In:             38                  Dec In:             7                   
  C Out:              38                  d model:            16                  
  n heads:            8                   e layers:           2                   
  d layers:           1                   d FF:               16                  
  Moving Avg:         25                  Factor:             1                   
  Distil:             1                   Dropout:            0.1                 
  Embed:              timeF               Activation:         gelu                

[1mRun Parameters[0m
  Num Workers:        10                  Itr:                1                   
  Train Epochs:       50                  Batch Size:         128                 
  Patience:           3                   Learning Rate:      0.0001              
  Des:                test                Loss:               MSE                 
  Lradj:              type1               Use Amp:            0                   

[1mGPU[0m
  GPU:                0                   
  Use Multi GPU:      0                   Devices:            0,1,2,3             

[1mDe-stationary Projector Params[0m
  P Hidden Dims:      128, 128            P Hidden Layers:    2                   

Use GPU: cuda:0
>>>>>>> start training : anomaly_detection_SMD_Autoformer_SMD_ftM_sl100_ll48_pl0_dm16_nh8_el2_dl1_df16_expand2_dc4_fc1_ebtimeF_dtTrue_test_0 >>>>>>>>>>>>>>>>>>
train 7084
val 1416
test 7084
Epoch: 1 cost time: 2.231574773788452
Epoch: 1, Steps: 56 | Train Loss: 1.2971942 Vali Loss: 0.8586105 Test Loss: 2.2515166
Validation loss decreased (inf --> 0.858610).  Saving model ...
Updating learning rate to 0.0001
Epoch: 2 cost time: 1.5320632457733154
Epoch: 2, Steps: 56 | Train Loss: 1.2533861 Vali Loss: 0.8085172 Test Loss: 2.2039626
Validation loss decreased (0.858610 --> 0.808517).  Saving model ...
Updating learning rate to 5e-05
Epoch: 3 cost time: 1.5531213283538818
Epoch: 3, Steps: 56 | Train Loss: 1.2210964 Vali Loss: 0.7755086 Test Loss: 2.1822684
Validation loss decreased (0.808517 --> 0.775509).  Saving model ...
Updating learning rate to 2.5e-05
Epoch: 4 cost time: 1.404247522354126
Epoch: 4, Steps: 56 | Train Loss: 1.2149210 Vali Loss: 0.8086100 Test Loss: 2.1717937
EarlyStopping counter: 1 out of 3
Updating learning rate to 1.25e-05
Epoch: 5 cost time: 1.498898983001709
Epoch: 5, Steps: 56 | Train Loss: 1.1997757 Vali Loss: 0.7814944 Test Loss: 2.1666875
EarlyStopping counter: 2 out of 3
Updating learning rate to 6.25e-06
Epoch: 6 cost time: 1.5136363506317139
Epoch: 6, Steps: 56 | Train Loss: 1.1966776 Vali Loss: 0.7672595 Test Loss: 2.1641650
Validation loss decreased (0.775509 --> 0.767260).  Saving model ...
Updating learning rate to 3.125e-06
Epoch: 7 cost time: 1.5217869281768799
Epoch: 7, Steps: 56 | Train Loss: 1.1930206 Vali Loss: 0.7639186 Test Loss: 2.1629014
Validation loss decreased (0.767260 --> 0.763919).  Saving model ...
Updating learning rate to 1.5625e-06
Epoch: 8 cost time: 1.4620168209075928
Epoch: 8, Steps: 56 | Train Loss: 1.1962070 Vali Loss: 0.7769167 Test Loss: 2.1622512
EarlyStopping counter: 1 out of 3
Updating learning rate to 7.8125e-07
Epoch: 9 cost time: 1.5277822017669678
Epoch: 9, Steps: 56 | Train Loss: 1.1933042 Vali Loss: 0.7558188 Test Loss: 2.1619301
Validation loss decreased (0.763919 --> 0.755819).  Saving model ...
Updating learning rate to 3.90625e-07
Epoch: 10 cost time: 1.4897692203521729
Epoch: 10, Steps: 56 | Train Loss: 1.1924714 Vali Loss: 0.7725148 Test Loss: 2.1617684
EarlyStopping counter: 1 out of 3
Updating learning rate to 1.953125e-07
Epoch: 11 cost time: 1.5083534717559814
Epoch: 11, Steps: 56 | Train Loss: 1.1934816 Vali Loss: 0.7664909 Test Loss: 2.1616871
EarlyStopping counter: 2 out of 3
Updating learning rate to 9.765625e-08
Epoch: 12 cost time: 1.4819800853729248
Epoch: 12, Steps: 56 | Train Loss: 1.1934864 Vali Loss: 0.7721324 Test Loss: 2.1616445
EarlyStopping counter: 3 out of 3
Early stopping
>>>>>>> testing : anomaly_detection_SMD_Autoformer_SMD_ftM_sl100_ll48_pl0_dm16_nh8_el2_dl1_df16_expand2_dc4_fc1_ebtimeF_dtTrue_test_0 <<<<<<<<<<<<<<<<<<<<<<<<<
test 7084
train 7084
Threshold : 14.724452
pred:    (708400,)
gt:      (708400,)
pred:  (708400,)
gt:    (708400,)
Accuracy : 0.9781, Precision : 0.7849, Recall : 0.6524, F-score : 0.7125 

real	0m58.651s
user	1m4.872s
sys	1m4.359s
=== ä»»åŠ¡ç»“æŸ ===
é€€å‡ºçŠ¶æ€: 0
æ€»è€—æ—¶: 59 ç§’
