Pythonè·¯å¾„:  /home/zhengxin.guo/project/venvs/anomaly-DPS/bin/python
Pythonç‰ˆæœ¬:  Python 3.12.3
=== ä»»åŠ¡å¼€å§‹ ===
è„šæœ¬è·¯å¾„: scripts/anomaly_detection/SMD/DACAD.sh
GPU available: NVIDIA GeForce RTX 2070 SUPER
Total GPUs: 1
Primary GPU: cuda:0
Args in experiment:
[1mBasic Config[0m
  Task Name:          anomaly_detection   Is Training:        1                   
  Model ID:           SMD                 Model:              DACAD               

[1mData Loader[0m
  Data:               SMD                 Root Path:          ./dataset/SMD       
  Data Path:          SMD_test.npy        Features:           M                   
  Target:             OT                  Freq:               h                   
  Checkpoints:        ./checkpoints/      

[1mAnomaly Detection Task[0m
  Anomaly Ratio:      0.5                 

[1mModel Parameters[0m
  Top k:              5                   Num Kernels:        6                   
  Enc In:             38                  Dec In:             7                   
  C Out:              38                  d model:            16                  
  n heads:            8                   e layers:           2                   
  d layers:           1                   d FF:               16                  
  Moving Avg:         25                  Factor:             1                   
  Distil:             1                   Dropout:            0.1                 
  Embed:              timeF               Activation:         gelu                

[1mRun Parameters[0m
  Num Workers:        10                  Itr:                1                   
  Train Epochs:       50                  Batch Size:         128                 
  Patience:           3                   Learning Rate:      0.0001              
  Des:                test                Loss:               MSE                 
  Lradj:              type1               Use Amp:            0                   

[1mGPU[0m
  GPU:                0                   
  Use Multi GPU:      0                   Devices:            0,1,2,3             

[1mDe-stationary Projector Params[0m
  P Hidden Dims:      128, 128            P Hidden Layers:    2                   

Use GPU: cuda:0
>>>>>>> start training : anomaly_detection_SMD_DACAD_SMD_ftM_sl100_ll48_pl0_dm16_nh8_el2_dl1_df16_expand2_dc4_fc1_ebtimeF_dtTrue_test_0 >>>>>>>>>>>>>>>>>>
train 7084
val 1416
test 7084
Epoch: 1 cost time: 1.5410702228546143
Epoch: 1, Steps: 56 | Train Loss: 1.2425708 Vali Loss: 0.7672040 Test Loss: 2.3128047
Validation loss decreased (inf --> 0.767204).  Saving model ...
Updating learning rate to 0.0001
Epoch: 2 cost time: 0.8097946643829346
Epoch: 2, Steps: 56 | Train Loss: 1.1596882 Vali Loss: 0.7328568 Test Loss: 2.2238197
Validation loss decreased (0.767204 --> 0.732857).  Saving model ...
Updating learning rate to 5e-05
Epoch: 3 cost time: 0.7963907718658447
Epoch: 3, Steps: 56 | Train Loss: 1.1112766 Vali Loss: 0.7294551 Test Loss: 2.1826196
Validation loss decreased (0.732857 --> 0.729455).  Saving model ...
Updating learning rate to 2.5e-05
Epoch: 4 cost time: 0.7886567115783691
Epoch: 4, Steps: 56 | Train Loss: 1.0919840 Vali Loss: 0.7301196 Test Loss: 2.1627793
EarlyStopping counter: 1 out of 3
Updating learning rate to 1.25e-05
Epoch: 5 cost time: 0.7894260883331299
Epoch: 5, Steps: 56 | Train Loss: 1.0729651 Vali Loss: 0.6861969 Test Loss: 2.1528683
Validation loss decreased (0.729455 --> 0.686197).  Saving model ...
Updating learning rate to 6.25e-06
Epoch: 6 cost time: 0.8667807579040527
Epoch: 6, Steps: 56 | Train Loss: 1.0657469 Vali Loss: 0.6875140 Test Loss: 2.1479909
EarlyStopping counter: 1 out of 3
Updating learning rate to 3.125e-06
Epoch: 7 cost time: 0.8634803295135498
Epoch: 7, Steps: 56 | Train Loss: 1.0640723 Vali Loss: 0.6835096 Test Loss: 2.1455820
Validation loss decreased (0.686197 --> 0.683510).  Saving model ...
Updating learning rate to 1.5625e-06
Epoch: 8 cost time: 0.867077112197876
Epoch: 8, Steps: 56 | Train Loss: 1.0604176 Vali Loss: 0.7084010 Test Loss: 2.1443467
EarlyStopping counter: 1 out of 3
Updating learning rate to 7.8125e-07
Epoch: 9 cost time: 0.8513081073760986
Epoch: 9, Steps: 56 | Train Loss: 1.0653330 Vali Loss: 0.7214119 Test Loss: 2.1437354
EarlyStopping counter: 2 out of 3
Updating learning rate to 3.90625e-07
Epoch: 10 cost time: 0.8559308052062988
Epoch: 10, Steps: 56 | Train Loss: 1.0589096 Vali Loss: 0.7034056 Test Loss: 2.1434257
EarlyStopping counter: 3 out of 3
Early stopping
>>>>>>> testing : anomaly_detection_SMD_DACAD_SMD_ftM_sl100_ll48_pl0_dm16_nh8_el2_dl1_df16_expand2_dc4_fc1_ebtimeF_dtTrue_test_0 <<<<<<<<<<<<<<<<<<<<<<<<<
test 7084
train 7084
Threshold : 16.770716
pred:    (708400,)
gt:      (708400,)
pred:  (708400,)
gt:    (708400,)
Accuracy : 0.9780, Precision : 0.7829, Recall : 0.6504, F-score : 0.7105 

real	0m38.103s
user	0m30.722s
sys	0m48.855s
=== ä»»åŠ¡ç»“æŸ ===
é€€å‡ºçŠ¶æ€: 0
æ€»è€—æ—¶: 38 ç§’
