Pythonè·¯å¾„:  /home/zhengxin.guo/project/venvs/anomaly-DPS/bin/python
Pythonç‰ˆæœ¬:  Python 3.12.3
=== ä»»åŠ¡å¼€å§‹ ===
è„šæœ¬è·¯å¾„: scripts/anomaly_detection/ModernTCN//SMD.sh
GPU available: NVIDIA GeForce RTX 2070 SUPER
Total GPUs: 1
Primary GPU: cuda:0
Args in experiment:
[1mBasic Config[0m
  Task Name:          anomaly_detection   Is Training:        1                   
  Model ID:           SMD                 Model:              ModernTCN           

[1mData Loader[0m
  Data:               SMD                 Root Path:          ./dataset/SMD       
  Data Path:          SMD_test.npy        Features:           M                   
  Target:             OT                  Freq:               h                   
  Checkpoints:        ./checkpoints/      

[1mAnomaly Detection Task[0m
  Anomaly Ratio:      0.5                 

[1mModel Parameters[0m
  Top k:              5                   Num Kernels:        6                   
  Enc In:             38                  Dec In:             7                   
  C Out:              38                  d model:            16                  
  n heads:            8                   e layers:           2                   
  d layers:           1                   d FF:               16                  
  Moving Avg:         25                  Factor:             1                   
  Distil:             1                   Dropout:            0.1                 
  Embed:              timeF               Activation:         gelu                

[1mRun Parameters[0m
  Num Workers:        10                  Itr:                1                   
  Train Epochs:       50                  Batch Size:         128                 
  Patience:           3                   Learning Rate:      0.0001              
  Des:                test                Loss:               MSE                 
  Lradj:              type1               Use Amp:            0                   

[1mGPU[0m
  GPU:                0                   
  Use Multi GPU:      0                   Devices:            0,1,2,3             

[1mDe-stationary Projector Params[0m
  P Hidden Dims:      128, 128            P Hidden Layers:    2                   

Use GPU: cuda:0
Adjust embed_dim to 76 to be divisible by nvars 38
>>>>>>> start training : anomaly_detection_SMD_ModernTCN_SMD_ftM_sl100_ll48_pl0_dm16_nh8_el2_dl1_df16_expand2_dc4_fc1_ebtimeF_dtTrue_test_0 >>>>>>>>>>>>>>>>>>
train 7084
val 1416
test 7084
Epoch: 1 cost time: 3.759307384490967
Epoch: 1, Steps: 56 | Train Loss: 0.2414763 Vali Loss: 0.1358563 Test Loss: 0.8805102
Validation loss decreased (inf --> 0.135856).  Saving model ...
Updating learning rate to 0.0001
Epoch: 2 cost time: 1.2382218837738037
Epoch: 2, Steps: 56 | Train Loss: 0.2260283 Vali Loss: 0.1159000 Test Loss: 0.8723871
Validation loss decreased (0.135856 --> 0.115900).  Saving model ...
Updating learning rate to 5e-05
Epoch: 3 cost time: 1.1749868392944336
Epoch: 3, Steps: 56 | Train Loss: 0.2101450 Vali Loss: 0.1171449 Test Loss: 0.8658697
EarlyStopping counter: 1 out of 3
Updating learning rate to 2.5e-05
Epoch: 4 cost time: 1.2537240982055664
Epoch: 4, Steps: 56 | Train Loss: 0.2030792 Vali Loss: 0.1116871 Test Loss: 0.8625118
Validation loss decreased (0.115900 --> 0.111687).  Saving model ...
Updating learning rate to 1.25e-05
Epoch: 5 cost time: 1.2402782440185547
Epoch: 5, Steps: 56 | Train Loss: 0.1981180 Vali Loss: 0.1085140 Test Loss: 0.8606111
Validation loss decreased (0.111687 --> 0.108514).  Saving model ...
Updating learning rate to 6.25e-06
Epoch: 6 cost time: 1.2353031635284424
Epoch: 6, Steps: 56 | Train Loss: 0.1964564 Vali Loss: 0.1064304 Test Loss: 0.8597512
Validation loss decreased (0.108514 --> 0.106430).  Saving model ...
Updating learning rate to 3.125e-06
Epoch: 7 cost time: 1.2646081447601318
Epoch: 7, Steps: 56 | Train Loss: 0.1952720 Vali Loss: 0.1081485 Test Loss: 0.8594999
EarlyStopping counter: 1 out of 3
Updating learning rate to 1.5625e-06
Epoch: 8 cost time: 1.251854419708252
Epoch: 8, Steps: 56 | Train Loss: 0.1951910 Vali Loss: 0.1077330 Test Loss: 0.8593273
EarlyStopping counter: 2 out of 3
Updating learning rate to 7.8125e-07
Epoch: 9 cost time: 1.2855215072631836
Epoch: 9, Steps: 56 | Train Loss: 0.1947979 Vali Loss: 0.1095417 Test Loss: 0.8591846
EarlyStopping counter: 3 out of 3
Early stopping
>>>>>>> testing : anomaly_detection_SMD_ModernTCN_SMD_ftM_sl100_ll48_pl0_dm16_nh8_el2_dl1_df16_expand2_dc4_fc1_ebtimeF_dtTrue_test_0 <<<<<<<<<<<<<<<<<<<<<<<<<
test 7084
train 7084
Threshold : 3.914893
pred:    (708400,)
gt:      (708400,)
pred:  (708400,)
gt:    (708400,)
Accuracy : 0.9866, Precision : 0.8691, Recall : 0.7968, F-score : 0.8314 

real	0m41.457s
user	0m33.760s
sys	0m39.160s
=== ä»»åŠ¡ç»“æŸ ===
é€€å‡ºçŠ¶æ€: 0
æ€»è€—æ—¶: 42 ç§’
